0001_0014_0024_0036_0036.jpg 1 14 24 36 36
0002_0018_0013_0031_0031.jpg 1 18 13 31 31
0003_0063_0028_0027_0027.jpg 1 63 28 27 27
0004_0034_0011_0047_0047.jpg 1 34 11 47 47
0005_0014_0041_0027_0027.jpg 1 14 41 27 27
0006_0049_0041_0042_0042.jpg 1 49 41 42 42
0007_0027_0035_0051_0051.jpg 1 27 35 51 51
0008_0018_0040_0025_0025.jpg 1 18 40 25 25
0009_0025_0040_0037_0037.jpg 1 25 40 37 37
0010_0021_0041_0043_0043.jpg 1 21 41 43 43
0011_0060_0033_0028_0028.jpg 1 60 33 28 28
0012_0012_0029_0056_0056.jpg 1 12 29 56 56
0013_0031_0015_0056_0056.jpg 1 31 15 56 56
0014_0017_0022_0035_0035.jpg 1 17 22 35 35
0015_0040_0056_0033_0033.jpg 1 40 56 33 33
0016_0048_0030_0030_0030.jpg 1 48 30 30 30
0017_0012_0019_0060_0060.jpg 1 12 19 60 60
0018_0024_0008_0025_0025.jpg 1 24 8 25 25
0019_0010_0026_0069_0069.jpg 1 10 26 69 69
0020_0031_0009_0034_0034.jpg 1 31 9 34 34
0021_0028_0005_0042_0042.jpg 1 28 5 42 42
0022_0005_0014_0050_0050.jpg 1 5 14 50 50
0023_0036_0030_0048_0048.jpg 1 36 30 48 48
0024_0014_0014_0068_0068.jpg 1 14 14 68 68
0025_0035_0006_0042_0042.jpg 1 35 6 42 42
0026_0059_0058_0029_0029.jpg 1 59 58 29 29
0027_0010_0005_0049_0049.jpg 1 10 5 49 49
0028_0013_0015_0067_0067.jpg 1 13 15 67 67
0029_0010_0017_0062_0062.jpg 1 10 17 62 62
0030_0022_0041_0051_0051.jpg 1 22 41 51 51
0031_0028_0027_0033_0033.jpg 1 28 27 33 33
0032_0029_0039_0038_0038.jpg 1 29 39 38 38
0033_0026_0006_0060_0060.jpg 1 26 6 60 60
0034_0026_0029_0053_0053.jpg 1 26 29 53 53
0035_0048_0020_0031_0031.jpg 1 48 20 31 31
0036_0012_0046_0042_0042.jpg 1 12 46 42 42
0037_0011_0028_0057_0057.jpg 1 11 28 57 57
0038_0016_0022_0054_0054.jpg 1 16 22 54 54
0039_0006_0012_0037_0037.jpg 1 6 12 37 37
0040_0060_0034_0028_0028.jpg 1 60 34 28 28
0041_0041_0026_0050_0050.jpg 1 41 26 50 50
0042_0020_0032_0048_0048.jpg 1 20 32 48 48
0043_0021_0029_0057_0057.jpg 1 21 29 57 57
0044_0026_0042_0032_0032.jpg 1 26 42 32 32
0045_0030_0024_0060_0060.jpg 1 30 24 60 60
0046_0021_0012_0059_0059.jpg 1 21 12 59 59
0047_0025_0016_0067_0067.jpg 1 25 16 67 67
0048_0045_0012_0043_0043.jpg 1 45 12 43 43
0049_0021_0036_0044_0044.jpg 1 21 36 44 44
0050_0025_0009_0029_0029.jpg 1 25 9 29 29
0051_0025_0018_0058_0058.jpg 1 25 18 58 58
0052_0016_0023_0042_0042.jpg 1 16 23 42 42
0053_0038_0012_0031_0031.jpg 1 38 12 31 31
0054_0020_0011_0046_0046.jpg 1 20 11 46 46
0055_0016_0006_0058_0058.jpg 1 16 6 58 58
0056_0022_0037_0034_0034.jpg 1 22 37 34 34
0057_0019_0025_0063_0063.jpg 1 19 25 63 63
0058_0007_0021_0043_0043.jpg 1 7 21 43 43
0059_0019_0013_0069_0069.jpg 1 19 13 69 69
0060_0018_0025_0046_0046.jpg 1 18 25 46 46
0061_0038_0007_0037_0037.jpg 1 38 7 37 37
0062_0035_0059_0034_0034.jpg 1 35 59 34 34
0063_0014_0026_0054_0054.jpg 1 14 26 54 54
0064_0039_0043_0039_0039.jpg 1 39 43 39 39
0065_0019_0018_0065_0065.jpg 1 19 18 65 65
0066_0016_0014_0068_0068.jpg 1 16 14 68 68
0067_0018_0018_0068_0068.jpg 1 18 18 68 68
0068_0009_0008_0063_0063.jpg 1 9 8 63 63
0069_0008_0016_0069_0069.jpg 1 8 16 69 69
0070_0010_0016_0051_0051.jpg 1 10 16 51 51
0071_0035_0045_0044_0044.jpg 1 35 45 44 44
0072_0032_0032_0055_0055.jpg 1 32 32 55 55
0073_0033_0034_0047_0047.jpg 1 33 34 47 47
0074_0004_0037_0053_0053.jpg 1 4 37 53 53
0075_0060_0018_0031_0031.jpg 1 60 18 31 31
0076_0025_0008_0065_0065.jpg 1 25 8 65 65
0077_0043_0025_0041_0041.jpg 1 43 25 41 41
0078_0040_0032_0053_0053.jpg 1 40 32 53 53
0079_0021_0016_0065_0065.jpg 1 21 16 65 65
0080_0024_0012_0061_0061.jpg 1 24 12 61 61
0081_0012_0037_0056_0056.jpg 1 12 37 56 56
0082_0011_0005_0063_0063.jpg 1 11 5 63 63
0083_0011_0034_0056_0056.jpg 1 11 34 56 56
0084_0009_0007_0043_0043.jpg 1 9 7 43 43
0085_0010_0006_0061_0061.jpg 1 10 6 61 61
0086_0031_0036_0037_0037.jpg 1 31 36 37 37
0087_0033_0041_0040_0040.jpg 1 33 41 40 40
0088_0005_0022_0057_0057.jpg 1 5 22 57 57
0089_0025_0009_0045_0045.jpg 1 25 9 45 45
0090_0034_0021_0047_0047.jpg 1 34 21 47 47
0091_0011_0027_0064_0064.jpg 1 11 27 64 64
0092_0013_0018_0060_0060.jpg 1 13 18 60 60
0093_0039_0060_0029_0029.jpg 1 39 60 29 29
0094_0053_0047_0035_0035.jpg 1 53 47 35 35
0095_0026_0028_0051_0051.jpg 1 26 28 51 51
0096_0030_0025_0029_0029.jpg 1 30 25 29 29
0097_0035_0014_0026_0026.jpg 1 35 14 26 26
0098_0006_0038_0051_0051.jpg 1 6 38 51 51
0099_0029_0060_0024_0024.jpg 1 29 60 24 24
0100_0015_0012_0032_0032.jpg 1 15 12 32 32
0101_0012_0023_0046_0046.jpg 1 12 23 46 46
0102_0008_0010_0066_0066.jpg 1 8 10 66 66
0103_0009_0006_0058_0058.jpg 1 9 6 58 58
0104_0031_0007_0047_0047.jpg 1 31 7 47 47
0105_0023_0019_0051_0051.jpg 1 23 19 51 51
0106_0026_0004_0063_0063.jpg 1 26 4 63 63
0107_0036_0030_0058_0058.jpg 1 36 30 58 58
0108_0006_0010_0067_0067.jpg 1 6 10 67 67
0109_0021_0035_0050_0050.jpg 1 21 35 50 50
0110_0039_0048_0045_0045.jpg 1 39 48 45 45
0111_0018_0041_0035_0035.jpg 1 18 41 35 35
0112_0036_0043_0036_0036.jpg 1 36 43 36 36
0113_0024_0022_0045_0045.jpg 1 24 22 45 45
0114_0007_0031_0030_0030.jpg 1 7 31 30 30
0115_0021_0045_0042_0042.jpg 1 21 45 42 42
0116_0030_0015_0056_0056.jpg 1 30 15 56 56
0117_0028_0011_0053_0053.jpg 1 28 11 53 53
0118_0040_0030_0043_0043.jpg 1 40 30 43 43
0119_0022_0058_0030_0030.jpg 1 22 58 30 30
0120_0007_0018_0051_0051.jpg 1 7 18 51 51
0121_0010_0003_0069_0069.jpg 1 10 3 69 69
0122_0008_0024_0069_0069.jpg 1 8 24 69 69
0123_0016_0018_0063_0063.jpg 1 16 18 63 63
0124_0032_0007_0054_0054.jpg 1 32 7 54 54
0125_0028_0011_0067_0067.jpg 1 28 11 67 67
0126_0048_0013_0038_0038.jpg 1 48 13 38 38
0127_0028_0029_0045_0045.jpg 1 28 29 45 45
0128_0008_0028_0037_0037.jpg 1 8 28 37 37
0129_0029_0005_0065_0065.jpg 1 29 5 65 65
0130_0035_0013_0054_0054.jpg 1 35 13 54 54
0131_0034_0020_0040_0040.jpg 1 34 20 40 40
0132_0023_0016_0035_0035.jpg 1 23 16 35 35
0133_0022_0041_0044_0044.jpg 1 22 41 44 44
0134_0009_0024_0068_0068.jpg 1 9 24 68 68
0135_0006_0010_0050_0050.jpg 1 6 10 50 50
0136_0015_0006_0065_0065.jpg 1 15 6 65 65
0137_0026_0013_0066_0066.jpg 1 26 13 66 66
0138_0041_0061_0027_0027.jpg 1 41 61 27 27
0139_0009_0018_0027_0027.jpg 1 9 18 27 27
0140_0026_0013_0058_0058.jpg 1 26 13 58 58
0141_0039_0016_0051_0051.jpg 1 39 16 51 51
0142_0045_0015_0043_0043.jpg 1 45 15 43 43
0143_0023_0036_0052_0052.jpg 1 23 36 52 52
0144_0034_0022_0031_0031.jpg 1 34 22 31 31
0145_0022_0048_0033_0033.jpg 1 22 48 33 33
0146_0022_0024_0051_0051.jpg 1 22 24 51 51
0147_0043_0014_0029_0029.jpg 1 43 14 29 29
0148_0027_0008_0051_0051.jpg 1 27 8 51 51
0149_0018_0014_0064_0064.jpg 1 18 14 64 64
0150_0027_0014_0053_0053.jpg 1 27 14 53 53
0151_0007_0018_0064_0064.jpg 1 7 18 64 64
0152_0005_0018_0057_0057.jpg 1 5 18 57 57
0153_0009_0031_0061_0061.jpg 1 9 31 61 61
0154_0010_0020_0060_0060.jpg 1 10 20 60 60
0155_0012_0012_0067_0067.jpg 1 12 12 67 67
0156_0042_0007_0044_0044.jpg 1 42 7 44 44
0157_0008_0017_0046_0046.jpg 1 8 17 46 46
0158_0023_0026_0025_0025.jpg 1 23 26 25 25
0159_0059_0062_0027_0027.jpg 1 59 62 27 27
0160_0036_0029_0032_0032.jpg 1 36 29 32 32
0161_0028_0027_0042_0042.jpg 1 28 27 42 42
0162_0020_0026_0061_0061.jpg 1 20 26 61 61
0163_0041_0036_0046_0046.jpg 1 41 36 46 46
0164_0011_0031_0045_0045.jpg 1 11 31 45 45
0165_0052_0012_0028_0028.jpg 1 52 12 28 28
0166_0015_0034_0057_0057.jpg 1 15 34 57 57
0167_0057_0027_0028_0028.jpg 1 57 27 28 28
0168_0017_0057_0033_0033.jpg 1 17 57 33 33
0169_0055_0035_0030_0030.jpg 1 55 35 30 30
0170_0014_0034_0052_0052.jpg 1 14 34 52 52
0171_0007_0010_0068_0068.jpg 1 7 10 68 68
0172_0032_0004_0063_0063.jpg 1 32 4 63 63
0173_0018_0008_0025_0025.jpg 1 18 8 25 25
0174_0037_0015_0038_0038.jpg 1 37 15 38 38
0175_0037_0032_0050_0050.jpg 1 37 32 50 50
0176_0062_0053_0031_0031.jpg 1 62 53 31 31
0177_0030_0019_0053_0053.jpg 1 30 19 53 53
0178_0013_0066_0025_0025.jpg 1 13 66 25 25
0179_0013_0027_0061_0061.jpg 1 13 27 61 61
0180_0011_0035_0060_0060.jpg 1 11 35 60 60
0181_0010_0005_0058_0058.jpg 1 10 5 58 58
0182_0014_0038_0045_0045.jpg 1 14 38 45 45
0183_0010_0014_0036_0036.jpg 1 10 14 36 36
0184_0031_0010_0035_0035.jpg 1 31 10 35 35
0185_0015_0031_0030_0030.jpg 1 15 31 30 30
0186_0029_0015_0036_0036.jpg 1 29 15 36 36
0187_0060_0017_0029_0029.jpg 1 60 17 29 29
0188_0009_0044_0025_0025.jpg 1 9 44 25 25
0189_0041_0011_0040_0040.jpg 1 41 11 40 40
0190_0004_0038_0055_0055.jpg 1 4 38 55 55
0191_0041_0009_0045_0045.jpg 1 41 9 45 45
0192_0013_0007_0037_0037.jpg 1 13 7 37 37
0193_0016_0021_0067_0067.jpg 1 16 21 67 67
0194_0031_0013_0063_0063.jpg 1 31 13 63 63
0195_0017_0039_0044_0044.jpg 1 17 39 44 44
0196_0029_0026_0059_0059.jpg 1 29 26 59 59
0197_0010_0021_0063_0063.jpg 1 10 21 63 63
0198_0038_0005_0050_0050.jpg 1 38 5 50 50
0199_0027_0028_0062_0062.jpg 1 27 28 62 62
0200_0017_0023_0044_0044.jpg 1 17 23 44 44
0201_0026_0008_0050_0050.jpg 1 26 8 50 50
0202_0022_0022_0055_0055.jpg 1 22 22 55 55
0203_0020_0015_0059_0059.jpg 1 20 15 59 59
0204_0050_0045_0039_0039.jpg 1 50 45 39 39
0205_0032_0044_0044_0044.jpg 1 32 44 44 44
0206_0028_0025_0065_0065.jpg 1 28 25 65 65
0207_0028_0033_0048_0048.jpg 1 28 33 48 48
0208_0045_0007_0045_0045.jpg 1 45 7 45 45
0209_0006_0012_0059_0059.jpg 1 6 12 59 59
0210_0045_0048_0039_0039.jpg 1 45 48 39 39
0211_0042_0039_0047_0047.jpg 1 42 39 47 47
0212_0053_0014_0031_0031.jpg 1 53 14 31 31
0213_0008_0008_0067_0067.jpg 1 8 8 67 67
0214_0031_0016_0048_0048.jpg 1 31 16 48 48
0215_0029_0009_0059_0059.jpg 1 29 9 59 59
0216_0020_0019_0036_0036.jpg 1 20 19 36 36
0217_0020_0033_0037_0037.jpg 1 20 33 37 37
0218_0021_0014_0063_0063.jpg 1 21 14 63 63
0219_0038_0018_0055_0055.jpg 1 38 18 55 55
0220_0034_0046_0045_0045.jpg 1 34 46 45 45
0221_0049_0013_0044_0044.jpg 1 49 13 44 44
0222_0026_0025_0039_0039.jpg 1 26 25 39 39
0223_0037_0017_0048_0048.jpg 1 37 17 48 48
0224_0009_0065_0024_0024.jpg 1 9 65 24 24
0225_0041_0054_0028_0028.jpg 1 41 54 28 28
0226_0011_0020_0042_0042.jpg 1 11 20 42 42
0227_0044_0014_0034_0034.jpg 1 44 14 34 34
0228_0008_0019_0035_0035.jpg 1 8 19 35 35
0229_0058_0035_0025_0025.jpg 1 58 35 25 25
0230_0060_0057_0032_0032.jpg 1 60 57 32 32
0231_0029_0024_0043_0043.jpg 1 29 24 43 43
0232_0015_0034_0042_0042.jpg 1 15 34 42 42
0233_0031_0031_0034_0034.jpg 1 31 31 34 34
0234_0019_0019_0035_0035.jpg 1 19 19 35 35
0235_0027_0007_0065_0065.jpg 1 27 7 65 65
0236_0041_0010_0040_0040.jpg 1 41 10 40 40
0237_0009_0045_0042_0042.jpg 1 9 45 42 42
0238_0042_0008_0032_0032.jpg 1 42 8 32 32
0239_0038_0024_0025_0025.jpg 1 38 24 25 25
0240_0026_0023_0045_0045.jpg 1 26 23 45 45
0241_0030_0017_0037_0037.jpg 1 30 17 37 37
0242_0027_0031_0035_0035.jpg 1 27 31 35 35
0243_0015_0018_0056_0056.jpg 1 15 18 56 56
0244_0021_0035_0028_0028.jpg 1 21 35 28 28
0245_0017_0057_0025_0025.jpg 1 17 57 25 25
0246_0024_0011_0037_0037.jpg 1 24 11 37 37
0247_0021_0016_0043_0043.jpg 1 21 16 43 43
0248_0027_0017_0067_0067.jpg 1 27 17 67 67
0249_0037_0040_0052_0052.jpg 1 37 40 52 52
0250_0011_0021_0052_0052.jpg 1 11 21 52 52
0251_0045_0013_0035_0035.jpg 1 45 13 35 35
0252_0061_0044_0024_0024.jpg 1 61 44 24 24
0253_0008_0021_0058_0058.jpg 1 8 21 58 58
0254_0014_0050_0027_0027.jpg 1 14 50 27 27
0255_0028_0029_0036_0036.jpg 1 28 29 36 36
0256_0007_0019_0059_0059.jpg 1 7 19 59 59
0257_0041_0040_0044_0044.jpg 1 41 40 44 44
0258_0019_0010_0040_0040.jpg 1 19 10 40 40
0259_0028_0028_0037_0037.jpg 1 28 28 37 37
0260_0008_0024_0064_0064.jpg 1 8 24 64 64
0261_0019_0006_0062_0062.jpg 1 19 6 62 62
0262_0025_0049_0037_0037.jpg 1 25 49 37 37
0263_0029_0023_0047_0047.jpg 1 29 23 47 47
0264_0014_0030_0062_0062.jpg 1 14 30 62 62
0265_0021_0045_0030_0030.jpg 1 21 45 30 30
0266_0016_0005_0064_0064.jpg 1 16 5 64 64
0267_0008_0025_0067_0067.jpg 1 8 25 67 67
0268_0027_0009_0041_0041.jpg 1 27 9 41 41
0269_0011_0008_0067_0067.jpg 1 11 8 67 67
0270_0006_0022_0060_0060.jpg 1 6 22 60 60
0271_0024_0044_0043_0043.jpg 1 24 44 43 43
0272_0042_0033_0035_0035.jpg 1 42 33 35 35
0273_0025_0010_0051_0051.jpg 1 25 10 51 51
0274_0042_0034_0032_0032.jpg 1 42 34 32 32
0275_0018_0047_0037_0037.jpg 1 18 47 37 37
0276_0011_0021_0069_0069.jpg 1 11 21 69 69
0277_0047_0027_0043_0043.jpg 1 47 27 43 43
0278_0038_0040_0049_0049.jpg 1 38 40 49 49
0279_0009_0051_0041_0041.jpg 1 9 51 41 41
0280_0035_0037_0044_0044.jpg 1 35 37 44 44
0281_0021_0010_0059_0059.jpg 1 21 10 59 59
0282_0017_0040_0043_0043.jpg 1 17 40 43 43
0283_0027_0021_0028_0028.jpg 1 27 21 28 28
0284_0019_0042_0045_0045.jpg 1 19 42 45 45
0285_0017_0013_0044_0044.jpg 1 17 13 44 44
0286_0010_0022_0063_0063.jpg 1 10 22 63 63
0287_0018_0016_0068_0068.jpg 1 18 16 68 68
0288_0008_0039_0052_0052.jpg 1 8 39 52 52
0289_0015_0032_0041_0041.jpg 1 15 32 41 41
0290_0043_0038_0042_0042.jpg 1 43 38 42 42
0291_0007_0003_0066_0066.jpg 1 7 3 66 66
0292_0037_0034_0027_0027.jpg 1 37 34 27 27
0293_0022_0006_0069_0069.jpg 1 22 6 69 69
0294_0004_0018_0063_0063.jpg 1 4 18 63 63
0295_0056_0059_0027_0027.jpg 1 56 59 27 27
0296_0036_0029_0031_0031.jpg 1 36 29 31 31
0297_0009_0055_0038_0038.jpg 1 9 55 38 38
0298_0052_0042_0038_0038.jpg 1 52 42 38 38
0299_0015_0019_0054_0054.jpg 1 15 19 54 54
0300_0014_0017_0059_0059.jpg 1 14 17 59 59
